16-Apr-2026 11:46:13.791 INFO [main] org.apache.catalina.startup.VersionLoggerListener.log Server version name:   Apache Tomcat/10.1.18
16-Apr-2026 11:46:13.798 INFO [main] org.apache.catalina.startup.VersionLoggerListener.log Server built:          Jan 5 2024 14:39:40 UTC
16-Apr-2026 11:46:13.800 INFO [main] org.apache.catalina.startup.VersionLoggerListener.log Server version number: 10.1.18.0
16-Apr-2026 11:46:13.800 INFO [main] org.apache.catalina.startup.VersionLoggerListener.log OS Name:               Linux
16-Apr-2026 11:46:13.800 INFO [main] org.apache.catalina.startup.VersionLoggerListener.log OS Version:            6.8.0-1044-azure
16-Apr-2026 11:46:13.800 INFO [main] org.apache.catalina.startup.VersionLoggerListener.log Architecture:          amd64
16-Apr-2026 11:46:13.801 INFO [main] org.apache.catalina.startup.VersionLoggerListener.log Java Home:             /usr/local/sdkman/candidates/java/25.0.2-ms
16-Apr-2026 11:46:13.801 INFO [main] org.apache.catalina.startup.VersionLoggerListener.log JVM Version:           25.0.2+10-LTS
16-Apr-2026 11:46:13.801 INFO [main] org.apache.catalina.startup.VersionLoggerListener.log JVM Vendor:            Microsoft
16-Apr-2026 11:46:13.802 INFO [main] org.apache.catalina.startup.VersionLoggerListener.log CATALINA_BASE:         /workspaces/jsp-shoping-cart/apache-tomcat-10.1.18
16-Apr-2026 11:46:13.807 INFO [main] org.apache.catalina.startup.VersionLoggerListener.log CATALINA_HOME:         /workspaces/jsp-shoping-cart/apache-tomcat-10.1.18
16-Apr-2026 11:46:13.972 INFO [main] org.apache.catalina.startup.VersionLoggerListener.log Command line argument: -Djava.util.logging.config.file=/workspaces/jsp-shoping-cart/apache-tomcat-10.1.18/conf/logging.properties
16-Apr-2026 11:46:13.974 INFO [main] org.apache.catalina.startup.VersionLoggerListener.log Command line argument: -Djava.util.logging.manager=org.apache.juli.ClassLoaderLogManager
16-Apr-2026 11:46:13.974 INFO [main] org.apache.catalina.startup.VersionLoggerListener.log Command line argument: -Djdk.tls.ephemeralDHKeySize=2048
16-Apr-2026 11:46:13.974 INFO [main] org.apache.catalina.startup.VersionLoggerListener.log Command line argument: -Djava.protocol.handler.pkgs=org.apache.catalina.webresources
16-Apr-2026 11:46:13.974 INFO [main] org.apache.catalina.startup.VersionLoggerListener.log Command line argument: -Dorg.apache.catalina.security.SecurityListener.UMASK=0027
16-Apr-2026 11:46:13.974 INFO [main] org.apache.catalina.startup.VersionLoggerListener.log Command line argument: --add-opens=java.base/java.lang=ALL-UNNAMED
16-Apr-2026 11:46:13.975 INFO [main] org.apache.catalina.startup.VersionLoggerListener.log Command line argument: --add-opens=java.base/java.io=ALL-UNNAMED
16-Apr-2026 11:46:13.977 INFO [main] org.apache.catalina.startup.VersionLoggerListener.log Command line argument: --add-opens=java.base/java.util=ALL-UNNAMED
16-Apr-2026 11:46:13.977 INFO [main] org.apache.catalina.startup.VersionLoggerListener.log Command line argument: --add-opens=java.base/java.util.concurrent=ALL-UNNAMED
16-Apr-2026 11:46:13.978 INFO [main] org.apache.catalina.startup.VersionLoggerListener.log Command line argument: --add-opens=java.rmi/sun.rmi.transport=ALL-UNNAMED
16-Apr-2026 11:46:13.987 INFO [main] org.apache.catalina.startup.VersionLoggerListener.log Command line argument: -Dcatalina.base=/workspaces/jsp-shoping-cart/apache-tomcat-10.1.18
16-Apr-2026 11:46:13.987 INFO [main] org.apache.catalina.startup.VersionLoggerListener.log Command line argument: -Dcatalina.home=/workspaces/jsp-shoping-cart/apache-tomcat-10.1.18
16-Apr-2026 11:46:13.987 INFO [main] org.apache.catalina.startup.VersionLoggerListener.log Command line argument: -Djava.io.tmpdir=/workspaces/jsp-shoping-cart/apache-tomcat-10.1.18/temp
16-Apr-2026 11:46:14.013 INFO [main] org.apache.catalina.core.AprLifecycleListener.lifecycleEvent The Apache Tomcat Native library which allows using OpenSSL was not found on the java.library.path: [/usr/java/packages/lib:/usr/lib64:/lib64:/lib:/usr/lib]
16-Apr-2026 11:46:14.818 INFO [main] org.apache.coyote.AbstractProtocol.init Initializing ProtocolHandler ["http-nio-8080"]
16-Apr-2026 11:46:14.849 INFO [main] org.apache.catalina.startup.Catalina.load Server initialization in [2006] milliseconds
16-Apr-2026 11:46:14.918 INFO [main] org.apache.catalina.core.StandardService.startInternal Starting service [Catalina]
16-Apr-2026 11:46:14.918 INFO [main] org.apache.catalina.core.StandardEngine.startInternal Starting Servlet engine: [Apache Tomcat/10.1.18]
16-Apr-2026 11:46:15.033 INFO [main] org.apache.catalina.startup.HostConfig.deployWAR Deploying web application archive [/workspaces/jsp-shoping-cart/apache-tomcat-10.1.18/webapps/jsp-shopping-cart.war]
16-Apr-2026 11:46:16.563 INFO [main] org.apache.jasper.servlet.TldScanner.scanJars At least one JAR was scanned for TLDs yet contained no TLDs. Enable debug logging for this logger for a complete list of JARs that were scanned but no TLDs were found in them. Skipping unneeded JARs during scanning can improve startup time and JSP compilation time.
16-Apr-2026 11:46:16.624 INFO [main] org.apache.catalina.startup.HostConfig.deployWAR Deployment of web application archive [/workspaces/jsp-shoping-cart/apache-tomcat-10.1.18/webapps/jsp-shopping-cart.war] has finished in [1,588] ms
16-Apr-2026 11:46:16.625 INFO [main] org.apache.catalina.startup.HostConfig.deployDirectory Deploying web application directory [/workspaces/jsp-shoping-cart/apache-tomcat-10.1.18/webapps/ROOT]
16-Apr-2026 11:46:16.646 INFO [main] org.apache.catalina.startup.HostConfig.deployDirectory Deployment of web application directory [/workspaces/jsp-shoping-cart/apache-tomcat-10.1.18/webapps/ROOT] has finished in [21] ms
16-Apr-2026 11:46:16.647 INFO [main] org.apache.catalina.startup.HostConfig.deployDirectory Deploying web application directory [/workspaces/jsp-shoping-cart/apache-tomcat-10.1.18/webapps/host-manager]
16-Apr-2026 11:46:16.681 INFO [main] org.apache.catalina.startup.HostConfig.deployDirectory Deployment of web application directory [/workspaces/jsp-shoping-cart/apache-tomcat-10.1.18/webapps/host-manager] has finished in [34] ms
16-Apr-2026 11:46:16.682 INFO [main] org.apache.catalina.startup.HostConfig.deployDirectory Deploying web application directory [/workspaces/jsp-shoping-cart/apache-tomcat-10.1.18/webapps/examples]
16-Apr-2026 11:46:16.889 INFO [main] org.apache.catalina.startup.HostConfig.deployDirectory Deployment of web application directory [/workspaces/jsp-shoping-cart/apache-tomcat-10.1.18/webapps/examples] has finished in [206] ms
16-Apr-2026 11:46:16.889 INFO [main] org.apache.catalina.startup.HostConfig.deployDirectory Deploying web application directory [/workspaces/jsp-shoping-cart/apache-tomcat-10.1.18/webapps/docs]
16-Apr-2026 11:46:16.905 INFO [main] org.apache.catalina.startup.HostConfig.deployDirectory Deployment of web application directory [/workspaces/jsp-shoping-cart/apache-tomcat-10.1.18/webapps/docs] has finished in [15] ms
16-Apr-2026 11:46:16.905 INFO [main] org.apache.catalina.startup.HostConfig.deployDirectory Deploying web application directory [/workspaces/jsp-shoping-cart/apache-tomcat-10.1.18/webapps/manager]
16-Apr-2026 11:46:16.933 INFO [main] org.apache.catalina.startup.HostConfig.deployDirectory Deployment of web application directory [/workspaces/jsp-shoping-cart/apache-tomcat-10.1.18/webapps/manager] has finished in [28] ms
16-Apr-2026 11:46:16.941 INFO [main] org.apache.coyote.AbstractProtocol.start Starting ProtocolHandler ["http-nio-8080"]
16-Apr-2026 11:46:16.958 INFO [main] org.apache.catalina.startup.Catalina.start Server startup in [2105] milliseconds
16-Apr-2026 11:50:07.480 INFO [Catalina-utility-2] org.apache.catalina.startup.HostConfig.undeploy Undeploying context [/jsp-shopping-cart]
16-Apr-2026 11:51:07.505 INFO [Catalina-utility-1] org.apache.catalina.startup.HostConfig.deployWAR Deploying web application archive [/workspaces/jsp-shoping-cart/apache-tomcat-10.1.18/webapps/jsp-shopping-cart.war]
16-Apr-2026 11:51:07.925 INFO [Catalina-utility-1] org.apache.jasper.servlet.TldScanner.scanJars At least one JAR was scanned for TLDs yet contained no TLDs. Enable debug logging for this logger for a complete list of JARs that were scanned but no TLDs were found in them. Skipping unneeded JARs during scanning can improve startup time and JSP compilation time.
16-Apr-2026 11:51:07.949 INFO [Catalina-utility-1] org.apache.catalina.startup.HostConfig.deployWAR Deployment of web application archive [/workspaces/jsp-shoping-cart/apache-tomcat-10.1.18/webapps/jsp-shopping-cart.war] has finished in [444] ms
16-Apr-2026 11:52:09.854 INFO [main] org.apache.catalina.startup.VersionLoggerListener.log Server version name:   Apache Tomcat/10.1.18
16-Apr-2026 11:52:09.861 INFO [main] org.apache.catalina.startup.VersionLoggerListener.log Server built:          Jan 5 2024 14:39:40 UTC
16-Apr-2026 11:52:09.861 INFO [main] org.apache.catalina.startup.VersionLoggerListener.log Server version number: 10.1.18.0
16-Apr-2026 11:52:09.861 INFO [main] org.apache.catalina.startup.VersionLoggerListener.log OS Name:               Linux
16-Apr-2026 11:52:09.861 INFO [main] org.apache.catalina.startup.VersionLoggerListener.log OS Version:            6.8.0-1044-azure
16-Apr-2026 11:52:09.862 INFO [main] org.apache.catalina.startup.VersionLoggerListener.log Architecture:          amd64
16-Apr-2026 11:52:09.862 INFO [main] org.apache.catalina.startup.VersionLoggerListener.log Java Home:             /usr/local/sdkman/candidates/java/25.0.2-ms
16-Apr-2026 11:52:09.862 INFO [main] org.apache.catalina.startup.VersionLoggerListener.log JVM Version:           25.0.2+10-LTS
16-Apr-2026 11:52:09.862 INFO [main] org.apache.catalina.startup.VersionLoggerListener.log JVM Vendor:            Microsoft
16-Apr-2026 11:52:09.862 INFO [main] org.apache.catalina.startup.VersionLoggerListener.log CATALINA_BASE:         /workspaces/jsp-shoping-cart/apache-tomcat-10.1.18
16-Apr-2026 11:52:09.862 INFO [main] org.apache.catalina.startup.VersionLoggerListener.log CATALINA_HOME:         /workspaces/jsp-shoping-cart/apache-tomcat-10.1.18
16-Apr-2026 11:52:09.874 INFO [main] org.apache.catalina.startup.VersionLoggerListener.log Command line argument: -Djava.util.logging.config.file=/workspaces/jsp-shoping-cart/apache-tomcat-10.1.18/conf/logging.properties
16-Apr-2026 11:52:09.874 INFO [main] org.apache.catalina.startup.VersionLoggerListener.log Command line argument: -Djava.util.logging.manager=org.apache.juli.ClassLoaderLogManager
16-Apr-2026 11:52:09.875 INFO [main] org.apache.catalina.startup.VersionLoggerListener.log Command line argument: -Djdk.tls.ephemeralDHKeySize=2048
16-Apr-2026 11:52:09.875 INFO [main] org.apache.catalina.startup.VersionLoggerListener.log Command line argument: -Djava.protocol.handler.pkgs=org.apache.catalina.webresources
16-Apr-2026 11:52:09.875 INFO [main] org.apache.catalina.startup.VersionLoggerListener.log Command line argument: -Dorg.apache.catalina.security.SecurityListener.UMASK=0027
16-Apr-2026 11:52:09.876 INFO [main] org.apache.catalina.startup.VersionLoggerListener.log Command line argument: --add-opens=java.base/java.lang=ALL-UNNAMED
16-Apr-2026 11:52:09.876 INFO [main] org.apache.catalina.startup.VersionLoggerListener.log Command line argument: --add-opens=java.base/java.io=ALL-UNNAMED
16-Apr-2026 11:52:09.876 INFO [main] org.apache.catalina.startup.VersionLoggerListener.log Command line argument: --add-opens=java.base/java.util=ALL-UNNAMED
16-Apr-2026 11:52:09.877 INFO [main] org.apache.catalina.startup.VersionLoggerListener.log Command line argument: --add-opens=java.base/java.util.concurrent=ALL-UNNAMED
16-Apr-2026 11:52:09.877 INFO [main] org.apache.catalina.startup.VersionLoggerListener.log Command line argument: --add-opens=java.rmi/sun.rmi.transport=ALL-UNNAMED
16-Apr-2026 11:52:09.877 INFO [main] org.apache.catalina.startup.VersionLoggerListener.log Command line argument: -Dcatalina.base=/workspaces/jsp-shoping-cart/apache-tomcat-10.1.18
16-Apr-2026 11:52:09.878 INFO [main] org.apache.catalina.startup.VersionLoggerListener.log Command line argument: -Dcatalina.home=/workspaces/jsp-shoping-cart/apache-tomcat-10.1.18
16-Apr-2026 11:52:09.878 INFO [main] org.apache.catalina.startup.VersionLoggerListener.log Command line argument: -Djava.io.tmpdir=/workspaces/jsp-shoping-cart/apache-tomcat-10.1.18/temp
16-Apr-2026 11:52:09.883 INFO [main] org.apache.catalina.core.AprLifecycleListener.lifecycleEvent The Apache Tomcat Native library which allows using OpenSSL was not found on the java.library.path: [/usr/java/packages/lib:/usr/lib64:/lib64:/lib:/usr/lib]
16-Apr-2026 11:52:10.359 INFO [main] org.apache.coyote.AbstractProtocol.init Initializing ProtocolHandler ["http-nio-8080"]
16-Apr-2026 11:52:10.409 SEVERE [main] org.apache.catalina.util.LifecycleBase.handleSubClassException Failed to initialize component [Connector["http-nio-8080"]]
	org.apache.catalina.LifecycleException: Protocol handler initialization failed
		at org.apache.catalina.connector.Connector.initInternal(Connector.java:1015)
		at org.apache.catalina.util.LifecycleBase.init(LifecycleBase.java:127)
		at org.apache.catalina.core.StandardService.initInternal(StandardService.java:554)
		at org.apache.catalina.util.LifecycleBase.init(LifecycleBase.java:127)
		at org.apache.catalina.core.StandardServer.initInternal(StandardServer.java:1010)
		at org.apache.catalina.util.LifecycleBase.init(LifecycleBase.java:127)
		at org.apache.catalina.startup.Catalina.load(Catalina.java:747)
		at org.apache.catalina.startup.Catalina.load(Catalina.java:769)
		at java.base/jdk.internal.reflect.DirectMethodHandleAccessor.invoke(DirectMethodHandleAccessor.java:104)
		at java.base/java.lang.reflect.Method.invoke(Method.java:565)
		at org.apache.catalina.startup.Bootstrap.load(Bootstrap.java:307)
		at org.apache.catalina.startup.Bootstrap.main(Bootstrap.java:477)
	Caused by: java.net.BindException: Address already in use
		at java.base/sun.nio.ch.Net.bind0(Native Method)
		at java.base/sun.nio.ch.Net.bind(Net.java:522)
		at java.base/sun.nio.ch.ServerSocketChannelImpl.netBind(ServerSocketChannelImpl.java:335)
		at java.base/sun.nio.ch.ServerSocketChannelImpl.bind(ServerSocketChannelImpl.java:297)
		at org.apache.tomcat.util.net.NioEndpoint.initServerSocket(NioEndpoint.java:247)
		at org.apache.tomcat.util.net.NioEndpoint.bind(NioEndpoint.java:202)
		at org.apache.tomcat.util.net.AbstractEndpoint.bindWithCleanup(AbstractEndpoint.java:1280)
		at org.apache.tomcat.util.net.AbstractEndpoint.init(AbstractEndpoint.java:1293)
		at org.apache.coyote.AbstractProtocol.init(AbstractProtocol.java:624)
		at org.apache.coyote.http11.AbstractHttp11Protocol.init(AbstractHttp11Protocol.java:77)
		at org.apache.catalina.connector.Connector.initInternal(Connector.java:1013)
		... 11 more
16-Apr-2026 11:52:10.411 INFO [main] org.apache.catalina.startup.Catalina.load Server initialization in [770] milliseconds
16-Apr-2026 11:52:10.469 INFO [main] org.apache.catalina.core.StandardService.startInternal Starting service [Catalina]
16-Apr-2026 11:52:10.470 INFO [main] org.apache.catalina.core.StandardEngine.startInternal Starting Servlet engine: [Apache Tomcat/10.1.18]
16-Apr-2026 11:52:10.503 INFO [main] org.apache.catalina.startup.HostConfig.deployWAR Deploying web application archive [/workspaces/jsp-shoping-cart/apache-tomcat-10.1.18/webapps/jsp-shopping-cart.war]
16-Apr-2026 11:52:11.495 INFO [main] org.apache.jasper.servlet.TldScanner.scanJars At least one JAR was scanned for TLDs yet contained no TLDs. Enable debug logging for this logger for a complete list of JARs that were scanned but no TLDs were found in them. Skipping unneeded JARs during scanning can improve startup time and JSP compilation time.
16-Apr-2026 11:52:11.603 INFO [main] org.apache.catalina.startup.HostConfig.deployWAR Deployment of web application archive [/workspaces/jsp-shoping-cart/apache-tomcat-10.1.18/webapps/jsp-shopping-cart.war] has finished in [1,096] ms
16-Apr-2026 11:52:11.604 INFO [main] org.apache.catalina.startup.HostConfig.deployDirectory Deploying web application directory [/workspaces/jsp-shoping-cart/apache-tomcat-10.1.18/webapps/ROOT]
16-Apr-2026 11:52:11.636 INFO [main] org.apache.catalina.startup.HostConfig.deployDirectory Deployment of web application directory [/workspaces/jsp-shoping-cart/apache-tomcat-10.1.18/webapps/ROOT] has finished in [32] ms
16-Apr-2026 11:52:11.636 INFO [main] org.apache.catalina.startup.HostConfig.deployDirectory Deploying web application directory [/workspaces/jsp-shoping-cart/apache-tomcat-10.1.18/webapps/host-manager]
16-Apr-2026 11:52:11.683 INFO [main] org.apache.catalina.startup.HostConfig.deployDirectory Deployment of web application directory [/workspaces/jsp-shoping-cart/apache-tomcat-10.1.18/webapps/host-manager] has finished in [46] ms
16-Apr-2026 11:52:11.684 INFO [main] org.apache.catalina.startup.HostConfig.deployDirectory Deploying web application directory [/workspaces/jsp-shoping-cart/apache-tomcat-10.1.18/webapps/examples]
16-Apr-2026 11:52:11.926 INFO [main] org.apache.catalina.startup.HostConfig.deployDirectory Deployment of web application directory [/workspaces/jsp-shoping-cart/apache-tomcat-10.1.18/webapps/examples] has finished in [241] ms
16-Apr-2026 11:52:11.926 INFO [main] org.apache.catalina.startup.HostConfig.deployDirectory Deploying web application directory [/workspaces/jsp-shoping-cart/apache-tomcat-10.1.18/webapps/docs]
16-Apr-2026 11:52:11.950 INFO [main] org.apache.catalina.startup.HostConfig.deployDirectory Deployment of web application directory [/workspaces/jsp-shoping-cart/apache-tomcat-10.1.18/webapps/docs] has finished in [24] ms
16-Apr-2026 11:52:11.951 INFO [main] org.apache.catalina.startup.HostConfig.deployDirectory Deploying web application directory [/workspaces/jsp-shoping-cart/apache-tomcat-10.1.18/webapps/manager]
16-Apr-2026 11:52:11.984 INFO [main] org.apache.catalina.startup.HostConfig.deployDirectory Deployment of web application directory [/workspaces/jsp-shoping-cart/apache-tomcat-10.1.18/webapps/manager] has finished in [32] ms
16-Apr-2026 11:52:11.992 INFO [main] org.apache.catalina.startup.Catalina.start Server startup in [1578] milliseconds
16-Apr-2026 11:52:11.997 SEVERE [main] org.apache.catalina.core.StandardServer.await Failed to create server shutdown socket on address [localhost] and port [8005] (base port [8005] and offset [0])
	java.net.BindException: Address already in use
		at java.base/sun.nio.ch.Net.bind0(Native Method)
		at java.base/sun.nio.ch.Net.bind(Net.java:522)
		at java.base/sun.nio.ch.Net.bind(Net.java:511)
		at java.base/sun.nio.ch.NioSocketImpl.bind(NioSocketImpl.java:641)
		at java.base/java.net.ServerSocket.bind(ServerSocket.java:326)
		at java.base/java.net.ServerSocket.<init>(ServerSocket.java:222)
		at org.apache.catalina.core.StandardServer.await(StandardServer.java:577)
		at org.apache.catalina.startup.Catalina.await(Catalina.java:887)
		at org.apache.catalina.startup.Catalina.start(Catalina.java:833)
		at java.base/jdk.internal.reflect.DirectMethodHandleAccessor.invoke(DirectMethodHandleAccessor.java:104)
		at java.base/java.lang.reflect.Method.invoke(Method.java:565)
		at org.apache.catalina.startup.Bootstrap.start(Bootstrap.java:347)
		at org.apache.catalina.startup.Bootstrap.main(Bootstrap.java:478)
16-Apr-2026 11:52:11.998 INFO [main] org.apache.coyote.AbstractProtocol.pause Pausing ProtocolHandler ["http-nio-8080"]
16-Apr-2026 11:52:11.999 INFO [main] org.apache.catalina.core.StandardService.stopInternal Stopping service [Catalina]
16-Apr-2026 11:52:12.029 INFO [main] org.apache.coyote.AbstractProtocol.stop Stopping ProtocolHandler ["http-nio-8080"]
16-Apr-2026 11:52:12.030 INFO [main] org.apache.coyote.AbstractProtocol.destroy Destroying ProtocolHandler ["http-nio-8080"]
16-Apr-2026 11:55:28.178 INFO [main] org.apache.catalina.core.StandardServer.await A valid shutdown command was received via the shutdown port. Stopping the Server instance.
16-Apr-2026 11:55:28.180 INFO [main] org.apache.coyote.AbstractProtocol.pause Pausing ProtocolHandler ["http-nio-8080"]
16-Apr-2026 11:55:28.194 INFO [main] org.apache.catalina.core.StandardService.stopInternal Stopping service [Catalina]
16-Apr-2026 11:55:28.237 INFO [main] org.apache.coyote.AbstractProtocol.stop Stopping ProtocolHandler ["http-nio-8080"]
16-Apr-2026 11:55:28.252 INFO [main] org.apache.coyote.AbstractProtocol.destroy Destroying ProtocolHandler ["http-nio-8080"]
16-Apr-2026 11:55:49.141 INFO [main] org.apache.catalina.startup.VersionLoggerListener.log Server version name:   Apache Tomcat/10.1.18
16-Apr-2026 11:55:49.149 INFO [main] org.apache.catalina.startup.VersionLoggerListener.log Server built:          Jan 5 2024 14:39:40 UTC
16-Apr-2026 11:55:49.149 INFO [main] org.apache.catalina.startup.VersionLoggerListener.log Server version number: 10.1.18.0
16-Apr-2026 11:55:49.149 INFO [main] org.apache.catalina.startup.VersionLoggerListener.log OS Name:               Linux
16-Apr-2026 11:55:49.149 INFO [main] org.apache.catalina.startup.VersionLoggerListener.log OS Version:            6.8.0-1044-azure
16-Apr-2026 11:55:49.150 INFO [main] org.apache.catalina.startup.VersionLoggerListener.log Architecture:          amd64
16-Apr-2026 11:55:49.150 INFO [main] org.apache.catalina.startup.VersionLoggerListener.log Java Home:             /usr/local/sdkman/candidates/java/25.0.2-ms
16-Apr-2026 11:55:49.150 INFO [main] org.apache.catalina.startup.VersionLoggerListener.log JVM Version:           25.0.2+10-LTS
16-Apr-2026 11:55:49.150 INFO [main] org.apache.catalina.startup.VersionLoggerListener.log JVM Vendor:            Microsoft
16-Apr-2026 11:55:49.150 INFO [main] org.apache.catalina.startup.VersionLoggerListener.log CATALINA_BASE:         /workspaces/jsp-shoping-cart/apache-tomcat-10.1.18
16-Apr-2026 11:55:49.150 INFO [main] org.apache.catalina.startup.VersionLoggerListener.log CATALINA_HOME:         /workspaces/jsp-shoping-cart/apache-tomcat-10.1.18
16-Apr-2026 11:55:49.160 INFO [main] org.apache.catalina.startup.VersionLoggerListener.log Command line argument: -Djava.util.logging.config.file=/workspaces/jsp-shoping-cart/apache-tomcat-10.1.18/conf/logging.properties
16-Apr-2026 11:55:49.160 INFO [main] org.apache.catalina.startup.VersionLoggerListener.log Command line argument: -Djava.util.logging.manager=org.apache.juli.ClassLoaderLogManager
16-Apr-2026 11:55:49.160 INFO [main] org.apache.catalina.startup.VersionLoggerListener.log Command line argument: -Djdk.tls.ephemeralDHKeySize=2048
16-Apr-2026 11:55:49.160 INFO [main] org.apache.catalina.startup.VersionLoggerListener.log Command line argument: -Djava.protocol.handler.pkgs=org.apache.catalina.webresources
16-Apr-2026 11:55:49.161 INFO [main] org.apache.catalina.startup.VersionLoggerListener.log Command line argument: -Dorg.apache.catalina.security.SecurityListener.UMASK=0027
16-Apr-2026 11:55:49.161 INFO [main] org.apache.catalina.startup.VersionLoggerListener.log Command line argument: --add-opens=java.base/java.lang=ALL-UNNAMED
16-Apr-2026 11:55:49.161 INFO [main] org.apache.catalina.startup.VersionLoggerListener.log Command line argument: --add-opens=java.base/java.io=ALL-UNNAMED
16-Apr-2026 11:55:49.161 INFO [main] org.apache.catalina.startup.VersionLoggerListener.log Command line argument: --add-opens=java.base/java.util=ALL-UNNAMED
16-Apr-2026 11:55:49.161 INFO [main] org.apache.catalina.startup.VersionLoggerListener.log Command line argument: --add-opens=java.base/java.util.concurrent=ALL-UNNAMED
16-Apr-2026 11:55:49.161 INFO [main] org.apache.catalina.startup.VersionLoggerListener.log Command line argument: --add-opens=java.rmi/sun.rmi.transport=ALL-UNNAMED
16-Apr-2026 11:55:49.162 INFO [main] org.apache.catalina.startup.VersionLoggerListener.log Command line argument: -Dcatalina.base=/workspaces/jsp-shoping-cart/apache-tomcat-10.1.18
16-Apr-2026 11:55:49.162 INFO [main] org.apache.catalina.startup.VersionLoggerListener.log Command line argument: -Dcatalina.home=/workspaces/jsp-shoping-cart/apache-tomcat-10.1.18
16-Apr-2026 11:55:49.162 INFO [main] org.apache.catalina.startup.VersionLoggerListener.log Command line argument: -Djava.io.tmpdir=/workspaces/jsp-shoping-cart/apache-tomcat-10.1.18/temp
16-Apr-2026 11:55:49.170 INFO [main] org.apache.catalina.core.AprLifecycleListener.lifecycleEvent The Apache Tomcat Native library which allows using OpenSSL was not found on the java.library.path: [/usr/java/packages/lib:/usr/lib64:/lib64:/lib:/usr/lib]
16-Apr-2026 11:55:49.651 INFO [main] org.apache.coyote.AbstractProtocol.init Initializing ProtocolHandler ["http-nio-8080"]
16-Apr-2026 11:55:49.676 INFO [main] org.apache.catalina.startup.Catalina.load Server initialization in [772] milliseconds
16-Apr-2026 11:55:49.710 INFO [main] org.apache.catalina.core.StandardService.startInternal Starting service [Catalina]
16-Apr-2026 11:55:49.710 INFO [main] org.apache.catalina.core.StandardEngine.startInternal Starting Servlet engine: [Apache Tomcat/10.1.18]
16-Apr-2026 11:55:49.732 INFO [main] org.apache.catalina.startup.HostConfig.deployWAR Deploying web application archive [/workspaces/jsp-shoping-cart/apache-tomcat-10.1.18/webapps/jsp-shopping-cart.war]
16-Apr-2026 11:55:50.530 INFO [main] org.apache.jasper.servlet.TldScanner.scanJars At least one JAR was scanned for TLDs yet contained no TLDs. Enable debug logging for this logger for a complete list of JARs that were scanned but no TLDs were found in them. Skipping unneeded JARs during scanning can improve startup time and JSP compilation time.
16-Apr-2026 11:55:50.589 INFO [main] org.apache.catalina.startup.HostConfig.deployWAR Deployment of web application archive [/workspaces/jsp-shoping-cart/apache-tomcat-10.1.18/webapps/jsp-shopping-cart.war] has finished in [854] ms
16-Apr-2026 11:55:50.590 INFO [main] org.apache.catalina.startup.HostConfig.deployDirectory Deploying web application directory [/workspaces/jsp-shoping-cart/apache-tomcat-10.1.18/webapps/ROOT]
16-Apr-2026 11:55:50.620 INFO [main] org.apache.catalina.startup.HostConfig.deployDirectory Deployment of web application directory [/workspaces/jsp-shoping-cart/apache-tomcat-10.1.18/webapps/ROOT] has finished in [30] ms
16-Apr-2026 11:55:50.623 INFO [main] org.apache.catalina.startup.HostConfig.deployDirectory Deploying web application directory [/workspaces/jsp-shoping-cart/apache-tomcat-10.1.18/webapps/host-manager]
16-Apr-2026 11:55:50.679 INFO [main] org.apache.catalina.startup.HostConfig.deployDirectory Deployment of web application directory [/workspaces/jsp-shoping-cart/apache-tomcat-10.1.18/webapps/host-manager] has finished in [56] ms
16-Apr-2026 11:55:50.680 INFO [main] org.apache.catalina.startup.HostConfig.deployDirectory Deploying web application directory [/workspaces/jsp-shoping-cart/apache-tomcat-10.1.18/webapps/examples]
16-Apr-2026 11:55:50.849 INFO [main] org.apache.catalina.startup.HostConfig.deployDirectory Deployment of web application directory [/workspaces/jsp-shoping-cart/apache-tomcat-10.1.18/webapps/examples] has finished in [169] ms
16-Apr-2026 11:55:50.851 INFO [main] org.apache.catalina.startup.HostConfig.deployDirectory Deploying web application directory [/workspaces/jsp-shoping-cart/apache-tomcat-10.1.18/webapps/docs]
16-Apr-2026 11:55:50.876 INFO [main] org.apache.catalina.startup.HostConfig.deployDirectory Deployment of web application directory [/workspaces/jsp-shoping-cart/apache-tomcat-10.1.18/webapps/docs] has finished in [24] ms
16-Apr-2026 11:55:50.877 INFO [main] org.apache.catalina.startup.HostConfig.deployDirectory Deploying web application directory [/workspaces/jsp-shoping-cart/apache-tomcat-10.1.18/webapps/manager]
16-Apr-2026 11:55:50.907 INFO [main] org.apache.catalina.startup.HostConfig.deployDirectory Deployment of web application directory [/workspaces/jsp-shoping-cart/apache-tomcat-10.1.18/webapps/manager] has finished in [30] ms
16-Apr-2026 11:55:50.912 INFO [main] org.apache.coyote.AbstractProtocol.start Starting ProtocolHandler ["http-nio-8080"]
16-Apr-2026 11:55:50.928 INFO [main] org.apache.catalina.startup.Catalina.start Server startup in [1249] milliseconds
16-Apr-2026 11:58:41.443 INFO [Catalina-utility-1] org.apache.catalina.startup.HostConfig.undeploy Undeploying context [/jsp-shopping-cart]
16-Apr-2026 11:59:41.472 INFO [Catalina-utility-2] org.apache.catalina.startup.HostConfig.deployWAR Deploying web application archive [/workspaces/jsp-shoping-cart/apache-tomcat-10.1.18/webapps/jsp-shopping-cart.war]
16-Apr-2026 11:59:41.886 INFO [Catalina-utility-2] org.apache.jasper.servlet.TldScanner.scanJars At least one JAR was scanned for TLDs yet contained no TLDs. Enable debug logging for this logger for a complete list of JARs that were scanned but no TLDs were found in them. Skipping unneeded JARs during scanning can improve startup time and JSP compilation time.
16-Apr-2026 11:59:41.894 INFO [Catalina-utility-2] org.apache.catalina.startup.HostConfig.deployWAR Deployment of web application archive [/workspaces/jsp-shoping-cart/apache-tomcat-10.1.18/webapps/jsp-shopping-cart.war] has finished in [422] ms
16-Apr-2026 12:00:36.299 INFO [main] org.apache.catalina.core.StandardServer.await A valid shutdown command was received via the shutdown port. Stopping the Server instance.
16-Apr-2026 12:00:36.302 INFO [main] org.apache.coyote.AbstractProtocol.pause Pausing ProtocolHandler ["http-nio-8080"]
16-Apr-2026 12:00:36.313 INFO [main] org.apache.catalina.core.StandardService.stopInternal Stopping service [Catalina]
16-Apr-2026 12:00:36.342 INFO [main] org.apache.coyote.AbstractProtocol.stop Stopping ProtocolHandler ["http-nio-8080"]
16-Apr-2026 12:00:36.365 INFO [main] org.apache.coyote.AbstractProtocol.destroy Destroying ProtocolHandler ["http-nio-8080"]
16-Apr-2026 12:00:46.886 INFO [main] org.apache.catalina.startup.VersionLoggerListener.log Server version name:   Apache Tomcat/10.1.18
16-Apr-2026 12:00:46.891 INFO [main] org.apache.catalina.startup.VersionLoggerListener.log Server built:          Jan 5 2024 14:39:40 UTC
16-Apr-2026 12:00:46.893 INFO [main] org.apache.catalina.startup.VersionLoggerListener.log Server version number: 10.1.18.0
16-Apr-2026 12:00:46.893 INFO [main] org.apache.catalina.startup.VersionLoggerListener.log OS Name:               Linux
16-Apr-2026 12:00:46.894 INFO [main] org.apache.catalina.startup.VersionLoggerListener.log OS Version:            6.8.0-1044-azure
16-Apr-2026 12:00:46.894 INFO [main] org.apache.catalina.startup.VersionLoggerListener.log Architecture:          amd64
16-Apr-2026 12:00:46.894 INFO [main] org.apache.catalina.startup.VersionLoggerListener.log Java Home:             /usr/local/sdkman/candidates/java/25.0.2-ms
16-Apr-2026 12:00:46.894 INFO [main] org.apache.catalina.startup.VersionLoggerListener.log JVM Version:           25.0.2+10-LTS
16-Apr-2026 12:00:46.894 INFO [main] org.apache.catalina.startup.VersionLoggerListener.log JVM Vendor:            Microsoft
16-Apr-2026 12:00:46.894 INFO [main] org.apache.catalina.startup.VersionLoggerListener.log CATALINA_BASE:         /workspaces/jsp-shoping-cart/apache-tomcat-10.1.18
16-Apr-2026 12:00:46.895 INFO [main] org.apache.catalina.startup.VersionLoggerListener.log CATALINA_HOME:         /workspaces/jsp-shoping-cart/apache-tomcat-10.1.18
16-Apr-2026 12:00:46.904 INFO [main] org.apache.catalina.startup.VersionLoggerListener.log Command line argument: -Djava.util.logging.config.file=/workspaces/jsp-shoping-cart/apache-tomcat-10.1.18/conf/logging.properties
16-Apr-2026 12:00:46.905 INFO [main] org.apache.catalina.startup.VersionLoggerListener.log Command line argument: -Djava.util.logging.manager=org.apache.juli.ClassLoaderLogManager
16-Apr-2026 12:00:46.905 INFO [main] org.apache.catalina.startup.VersionLoggerListener.log Command line argument: -Djdk.tls.ephemeralDHKeySize=2048
16-Apr-2026 12:00:46.906 INFO [main] org.apache.catalina.startup.VersionLoggerListener.log Command line argument: -Djava.protocol.handler.pkgs=org.apache.catalina.webresources
16-Apr-2026 12:00:46.906 INFO [main] org.apache.catalina.startup.VersionLoggerListener.log Command line argument: -Dorg.apache.catalina.security.SecurityListener.UMASK=0027
16-Apr-2026 12:00:46.906 INFO [main] org.apache.catalina.startup.VersionLoggerListener.log Command line argument: --add-opens=java.base/java.lang=ALL-UNNAMED
16-Apr-2026 12:00:46.907 INFO [main] org.apache.catalina.startup.VersionLoggerListener.log Command line argument: --add-opens=java.base/java.io=ALL-UNNAMED
16-Apr-2026 12:00:46.907 INFO [main] org.apache.catalina.startup.VersionLoggerListener.log Command line argument: --add-opens=java.base/java.util=ALL-UNNAMED
16-Apr-2026 12:00:46.908 INFO [main] org.apache.catalina.startup.VersionLoggerListener.log Command line argument: --add-opens=java.base/java.util.concurrent=ALL-UNNAMED
16-Apr-2026 12:00:46.908 INFO [main] org.apache.catalina.startup.VersionLoggerListener.log Command line argument: --add-opens=java.rmi/sun.rmi.transport=ALL-UNNAMED
16-Apr-2026 12:00:46.909 INFO [main] org.apache.catalina.startup.VersionLoggerListener.log Command line argument: -Dcatalina.base=/workspaces/jsp-shoping-cart/apache-tomcat-10.1.18
16-Apr-2026 12:00:46.909 INFO [main] org.apache.catalina.startup.VersionLoggerListener.log Command line argument: -Dcatalina.home=/workspaces/jsp-shoping-cart/apache-tomcat-10.1.18
16-Apr-2026 12:00:46.909 INFO [main] org.apache.catalina.startup.VersionLoggerListener.log Command line argument: -Djava.io.tmpdir=/workspaces/jsp-shoping-cart/apache-tomcat-10.1.18/temp
16-Apr-2026 12:00:46.913 INFO [main] org.apache.catalina.core.AprLifecycleListener.lifecycleEvent The Apache Tomcat Native library which allows using OpenSSL was not found on the java.library.path: [/usr/java/packages/lib:/usr/lib64:/lib64:/lib:/usr/lib]
16-Apr-2026 12:00:47.348 INFO [main] org.apache.coyote.AbstractProtocol.init Initializing ProtocolHandler ["http-nio-8080"]
16-Apr-2026 12:00:47.431 INFO [main] org.apache.catalina.startup.Catalina.load Server initialization in [749] milliseconds
16-Apr-2026 12:00:47.509 INFO [main] org.apache.catalina.core.StandardService.startInternal Starting service [Catalina]
16-Apr-2026 12:00:47.510 INFO [main] org.apache.catalina.core.StandardEngine.startInternal Starting Servlet engine: [Apache Tomcat/10.1.18]
16-Apr-2026 12:00:47.543 INFO [main] org.apache.catalina.startup.HostConfig.deployWAR Deploying web application archive [/workspaces/jsp-shoping-cart/apache-tomcat-10.1.18/webapps/jsp-shopping-cart.war]
16-Apr-2026 12:00:48.579 INFO [main] org.apache.jasper.servlet.TldScanner.scanJars At least one JAR was scanned for TLDs yet contained no TLDs. Enable debug logging for this logger for a complete list of JARs that were scanned but no TLDs were found in them. Skipping unneeded JARs during scanning can improve startup time and JSP compilation time.
16-Apr-2026 12:00:48.645 INFO [main] org.apache.catalina.startup.HostConfig.deployWAR Deployment of web application archive [/workspaces/jsp-shoping-cart/apache-tomcat-10.1.18/webapps/jsp-shopping-cart.war] has finished in [1,099] ms
16-Apr-2026 12:00:48.646 INFO [main] org.apache.catalina.startup.HostConfig.deployDirectory Deploying web application directory [/workspaces/jsp-shoping-cart/apache-tomcat-10.1.18/webapps/ROOT]
16-Apr-2026 12:00:48.666 INFO [main] org.apache.catalina.startup.HostConfig.deployDirectory Deployment of web application directory [/workspaces/jsp-shoping-cart/apache-tomcat-10.1.18/webapps/ROOT] has finished in [20] ms
16-Apr-2026 12:00:48.666 INFO [main] org.apache.catalina.startup.HostConfig.deployDirectory Deploying web application directory [/workspaces/jsp-shoping-cart/apache-tomcat-10.1.18/webapps/host-manager]
16-Apr-2026 12:00:48.696 INFO [main] org.apache.catalina.startup.HostConfig.deployDirectory Deployment of web application directory [/workspaces/jsp-shoping-cart/apache-tomcat-10.1.18/webapps/host-manager] has finished in [29] ms
16-Apr-2026 12:00:48.696 INFO [main] org.apache.catalina.startup.HostConfig.deployDirectory Deploying web application directory [/workspaces/jsp-shoping-cart/apache-tomcat-10.1.18/webapps/examples]
16-Apr-2026 12:00:48.879 INFO [main] org.apache.catalina.startup.HostConfig.deployDirectory Deployment of web application directory [/workspaces/jsp-shoping-cart/apache-tomcat-10.1.18/webapps/examples] has finished in [183] ms
16-Apr-2026 12:00:48.879 INFO [main] org.apache.catalina.startup.HostConfig.deployDirectory Deploying web application directory [/workspaces/jsp-shoping-cart/apache-tomcat-10.1.18/webapps/docs]
16-Apr-2026 12:00:48.901 INFO [main] org.apache.catalina.startup.HostConfig.deployDirectory Deployment of web application directory [/workspaces/jsp-shoping-cart/apache-tomcat-10.1.18/webapps/docs] has finished in [22] ms
16-Apr-2026 12:00:48.901 INFO [main] org.apache.catalina.startup.HostConfig.deployDirectory Deploying web application directory [/workspaces/jsp-shoping-cart/apache-tomcat-10.1.18/webapps/manager]
16-Apr-2026 12:00:48.931 INFO [main] org.apache.catalina.startup.HostConfig.deployDirectory Deployment of web application directory [/workspaces/jsp-shoping-cart/apache-tomcat-10.1.18/webapps/manager] has finished in [30] ms
16-Apr-2026 12:00:48.936 INFO [main] org.apache.coyote.AbstractProtocol.start Starting ProtocolHandler ["http-nio-8080"]
16-Apr-2026 12:00:48.957 INFO [main] org.apache.catalina.startup.Catalina.start Server startup in [1523] milliseconds
